37c87ca (HEAD -> main, origin/main, origin/HEAD) Update README.md
8dd6266 Update nginx.conf
ff034a1 Update nginx.conf
654fc5b Update Dockerfile
fb91e13 Create nginx.conf
773cd3d Update Dockerfile
18b0abd Update Dockerfile
7c8877a Update Dockerfile
0384fa3 Update Dockerfile
717f502 Update Dockerfile
54edfae Update Dockerfile
78a70ca Updated dockerfile
bc32e0a Update Dockerfile
9e09d31 Rename EuropeTravel/Dockerfile to Dockerfile
81ef699 Update Dockerfile
0636168 Delete Europe Travel directory
52405d5 Added Dockerfile
3823c48 Update README.md
b2d2b22 Update README.md
e07bf38 Update README.md
0397996 Create README.md
c1b8f7e Add files via upload
3dc4c02 Initial commit
